TN:
SF:contracts/src/common/Owned.sol
DA:12,28
FN:12,Owned.constructor
FNDA:28,Owned.constructor
DA:13,28
BRDA:13,0,0,1
DA:14,27
DA:15,27
DA:18,20
FN:18,Owned.onlyOwner
FNDA:20,Owned.onlyOwner
DA:19,20
BRDA:19,1,0,2
DA:23,4
FN:23,Owned.transferOwnership
FNDA:4,Owned.transferOwnership
DA:24,4
BRDA:24,2,0,2
DA:25,2
DA:26,2
FNF:3
FNH:3
LF:10
LH:10
BRF:3
BRH:3
end_of_record
TN:
SF:contracts/src/executor/HookSafetyExecutor.sol
DA:29,13
FN:29,HookSafetyExecutor.constructor
FNDA:13,HookSafetyExecutor.constructor
DA:30,13
DA:33,128507
FN:33,HookSafetyExecutor.nonReentrant
FNDA:128507,HookSafetyExecutor.nonReentrant
DA:34,128507
BRDA:34,0,0,-
DA:35,128507
DA:37,1411
DA:40,2
FN:40,HookSafetyExecutor.bindRvmId
FNDA:2,HookSafetyExecutor.bindRvmId
DA:41,2
DA:42,2
DA:45,3
FN:45,HookSafetyExecutor.setEmergencyStop
FNDA:3,HookSafetyExecutor.setEmergencyStop
DA:46,3
DA:47,3
DA:50,128507
FN:50,HookSafetyExecutor.executeMitigation
FNDA:128507,HookSafetyExecutor.executeMitigation
DA:60,1
BRDA:60,1,0,1
DA:61,128506
BRDA:61,2,0,1
DA:63,128505
DA:64,128505
BRDA:64,3,0,127094
DA:66,1411
DA:67,1411
DA:68,1411
DA:69,1411
DA:71,1411
DA:73,1411
FNF:5
FNH:5
LF:23
LH:23
BRF:4
BRH:3
end_of_record
TN:
SF:contracts/src/hooks/HookSafetyFirewallHook.sol
DA:122,15
FN:122,HookSafetyFirewallHook.getHookPermissions
FNDA:15,HookSafetyFirewallHook.getHookPermissions
DA:123,15
DA:141,9
FN:141,HookSafetyFirewallHook.onlyExecutor
FNDA:9,HookSafetyFirewallHook.onlyExecutor
DA:142,9
BRDA:142,0,0,-
DA:146,16
FN:146,HookSafetyFirewallHook.setExecutor
FNDA:16,HookSafetyFirewallHook.setExecutor
DA:147,16
DA:148,16
DA:151,15
FN:151,HookSafetyFirewallHook.configurePool
FNDA:15,HookSafetyFirewallHook.configurePool
DA:155,15
DA:156,15
DA:158,15
DA:159,15
DA:160,15
DA:162,15
DA:169,15
DA:170,15
BRDA:170,1,0,15
DA:171,15
DA:174,15
DA:177,2
FN:177,HookSafetyFirewallHook.clearMitigation
FNDA:2,HookSafetyFirewallHook.clearMitigation
DA:178,2
DA:179,2
BRDA:179,2,0,1
DA:181,1
DA:182,1
DA:183,1
DA:184,1
DA:185,1
DA:188,1
FN:188,HookSafetyFirewallHook.emitTelemetryForDemo
FNDA:1,HookSafetyFirewallHook.emitTelemetryForDemo
DA:201,1
DA:202,1
BRDA:202,3,0,-
DA:204,1
DA:205,1
DA:206,1
DA:207,1
DA:208,1
DA:209,1
DA:210,1
DA:211,1
DA:212,1
DA:214,1
BRDA:214,4,0,-
DA:215,1
BRDA:215,5,0,1
DA:216,1
DA:219,1
DA:220,1
DA:221,1
DA:222,1
DA:223,1
DA:224,1
DA:225,1
DA:226,1
DA:227,1
DA:228,1
DA:229,1
DA:230,1
DA:231,1
DA:232,1
DA:233,1
DA:234,1
DA:237,9
FN:237,HookSafetyFirewallHook.applyMitigation
FNDA:9,HookSafetyFirewallHook.applyMitigation
DA:245,9
DA:246,9
BRDA:246,6,0,-
DA:248,9
DA:250,9
BRDA:250,7,0,1
DA:252,8
DA:254,8
BRDA:254,8,0,8
DA:255,8
BRDA:255,9,0,5
DA:257,8
BRDA:257,10,0,-
DA:258,8
BRDA:258,11,0,7
DA:259,7
DA:262,8
DA:264,8
DA:267,1
FN:267,HookSafetyFirewallHook.getPoolConfig
FNDA:1,HookSafetyFirewallHook.getPoolConfig
DA:268,1
DA:271,12
FN:271,HookSafetyFirewallHook.getPoolState
FNDA:12,HookSafetyFirewallHook.getPoolState
DA:272,12
DA:275,3
FN:275,HookSafetyFirewallHook._beforeSwap
FNDA:3,HookSafetyFirewallHook._beforeSwap
DA:280,3
DA:281,3
DA:282,3
BRDA:282,12,0,-
DA:284,3
DA:286,3
BRDA:286,13,0,1
DA:287,2
BRDA:287,14,0,1
DA:289,1
BRDA:289,15,0,-
DA:291,1
DA:292,1
BRDA:292,16,0,1
DA:293,1
DA:296,1
DA:299,8
FN:299,HookSafetyFirewallHook._afterSwap
FNDA:8,HookSafetyFirewallHook._afterSwap
DA:304,8
DA:305,8
DA:306,8
BRDA:306,17,0,-
DA:307,8
DA:308,8
DA:312,8
DA:313,8
DA:314,8
DA:315,8
DA:316,8
DA:317,8
DA:318,8
DA:320,8
BRDA:320,18,0,-
DA:322,8
BRDA:322,19,0,1
BRDA:322,19,1,1
DA:323,1
DA:324,7
BRDA:324,20,0,1
DA:325,1
DA:328,8
DA:329,8
DA:339,8
DA:342,8
FN:342,HookSafetyFirewallHook._loadSwapSnapshot
FNDA:8,HookSafetyFirewallHook._loadSwapSnapshot
DA:343,8
DA:344,8
DA:345,8
DA:346,8
DA:347,8
DA:348,8
DA:351,8
FN:351,HookSafetyFirewallHook._computeLocalRisk
FNDA:8,HookSafetyFirewallHook._computeLocalRisk
DA:359,8
DA:360,8
DA:362,8
BRDA:362,21,0,3
BRDA:362,21,1,5
DA:363,3
DA:365,5
DA:367,3
DA:369,8
DA:370,8
DA:371,8
DA:374,8
FN:374,HookSafetyFirewallHook._deriveFeatures
FNDA:8,HookSafetyFirewallHook._deriveFeatures
DA:384,8
DA:387,8
DA:388,8
DA:389,8
DA:390,8
DA:391,8
DA:400,8
FN:400,HookSafetyFirewallHook._liquidityImbalance
FNDA:8,HookSafetyFirewallHook._liquidityImbalance
DA:401,8
DA:402,8
DA:403,8
DA:404,8
DA:407,8
FN:407,HookSafetyFirewallHook._emitTelemetry
FNDA:8,HookSafetyFirewallHook._emitTelemetry
DA:416,8
DA:417,8
DA:418,8
DA:419,8
DA:420,8
DA:421,8
DA:422,8
DA:423,8
DA:424,8
DA:425,8
DA:426,8
DA:427,8
DA:428,8
DA:429,8
DA:430,8
DA:431,8
DA:434,9
FN:434,HookSafetyFirewallHook._emitSecurityTelemetry
FNDA:9,HookSafetyFirewallHook._emitSecurityTelemetry
DA:435,9
DA:453,10
FN:453,HookSafetyFirewallHook._feeForTier
FNDA:10,HookSafetyFirewallHook._feeForTier
DA:454,10
BRDA:454,22,0,6
DA:455,4
BRDA:455,23,0,3
DA:456,1
DA:459,1
FN:459,HookSafetyFirewallHook._localThrottle
FNDA:1,HookSafetyFirewallHook._localThrottle
DA:460,1
BRDA:460,24,0,1
DA:461,1
DA:462,1
BRDA:462,25,0,1
DA:463,1
DA:466,1
FN:466,HookSafetyFirewallHook._localEmergency
FNDA:1,HookSafetyFirewallHook._localEmergency
DA:467,1
DA:469,1
DA:470,1
BRDA:470,26,0,1
DA:472,1
DA:473,1
BRDA:473,27,0,1
DA:475,1
DA:478,8
FN:478,HookSafetyFirewallHook._tickDeltaBps
FNDA:8,HookSafetyFirewallHook._tickDeltaBps
DA:479,8
DA:480,8
BRDA:480,28,0,-
DA:482,8
DA:485,8
FN:485,HookSafetyFirewallHook._temporalCorrelation
FNDA:8,HookSafetyFirewallHook._temporalCorrelation
DA:486,8
BRDA:486,29,0,3
DA:487,5
DA:488,5
BRDA:488,30,0,1
DA:489,4
BRDA:489,31,0,1
DA:490,3
BRDA:490,32,0,2
DA:491,1
DA:494,8
FN:494,HookSafetyFirewallHook._mevHeuristic
FNDA:8,HookSafetyFirewallHook._mevHeuristic
DA:501,8
DA:502,8
BRDA:502,33,0,2
DA:503,8
BRDA:503,34,0,8
DA:504,8
BRDA:504,35,0,2
DA:505,8
BRDA:505,36,0,3
DA:506,8
FNF:23
FNH:23
LF:189
LH:189
BRF:39
BRH:29
end_of_record
TN:
SF:contracts/src/libraries/RiskMath.sol
DA:26,273
FN:26,RiskMath.defaultWeights
FNDA:273,RiskMath.defaultWeights
DA:27,273
DA:37,273
FN:37,RiskMath.score
FNDA:273,RiskMath.score
DA:38,273
DA:39,273
DA:40,273
DA:41,273
BRDA:41,0,0,-
DA:43,273
DA:44,273
DA:45,273
DA:46,273
DA:47,273
DA:48,273
DA:51,273
DA:52,273
BRDA:52,1,0,-
DA:54,273
DA:55,273
BRDA:55,2,0,-
DA:56,273
DA:59,299
FN:59,RiskMath.ratioBps
FNDA:299,RiskMath.ratioBps
DA:60,299
BRDA:60,3,0,5
DA:61,294
BRDA:61,4,0,13
DA:62,281
BRDA:62,5,0,157
DA:64,124
DA:65,124
BRDA:65,6,0,122
BRDA:65,6,1,-
DA:66,122
DA:71,2
DA:72,2
BRDA:72,7,0,-
DA:73,2
DA:75,124
BRDA:75,8,0,-
DA:76,122
DA:79,28
FN:79,RiskMath.clampBps
FNDA:28,RiskMath.clampBps
DA:80,28
BRDA:80,9,0,3
DA:81,25
DA:84,25
FN:84,RiskMath.absDiff
FNDA:25,RiskMath.absDiff
DA:85,25
DA:88,2
FN:88,RiskMath.absInt256
FNDA:2,RiskMath.absInt256
DA:89,2
DA:92,52
FN:92,RiskMath.absInt128
FNDA:52,RiskMath.absInt128
DA:93,52
FNF:7
FNH:7
LF:39
LH:39
BRF:11
BRH:5
end_of_record
TN:
SF:contracts/src/reactive/HookSafetyReactive.sol
DA:62,9
FN:62,HookSafetyReactive.constructor
FNDA:9,HookSafetyReactive.constructor
DA:71,9
DA:72,9
DA:74,9
DA:75,9
DA:76,9
DA:77,9
DA:78,9
DA:79,9
DA:81,9
BRDA:81,0,0,1
DA:82,1
DA:93,1
FN:93,HookSafetyReactive.setThresholds
FNDA:1,HookSafetyReactive.setThresholds
DA:94,1
DA:95,1
DA:98,11
FN:98,HookSafetyReactive.react
FNDA:11,HookSafetyReactive.react
DA:99,11
BRDA:99,1,0,1
DA:101,10
DA:102,10
DA:103,10
DA:105,10
DA:106,10
DA:108,10
BRDA:108,2,0,4
DA:109,4
DA:110,4
DA:113,6
DA:115,6
DA:117,6
DA:119,6
BRDA:119,3,0,3
DA:121,3
DA:122,3
DA:125,10
FN:125,HookSafetyReactive._decodeTelemetry
FNDA:10,HookSafetyReactive._decodeTelemetry
DA:126,10
BRDA:126,4,0,-
DA:128,10
DA:135,10
DA:136,10
DA:137,10
DA:139,10
DA:140,10
DA:141,10
DA:142,10
DA:143,10
DA:144,10
DA:145,10
DA:146,10
DA:149,4
FN:149,HookSafetyReactive._bootstrapBaseline
FNDA:4,HookSafetyReactive._bootstrapBaseline
DA:150,4
DA:151,4
DA:152,4
DA:153,4
DA:154,4
DA:155,4
DA:158,6
FN:158,HookSafetyReactive._scoreAndRefreshBaseline
FNDA:6,HookSafetyReactive._scoreAndRefreshBaseline
DA:164,6
DA:173,6
DA:174,6
DA:177,6
DA:178,6
DA:179,6
DA:180,6
DA:181,6
DA:184,6
FN:184,HookSafetyReactive._mitigationFromScore
FNDA:6,HookSafetyReactive._mitigationFromScore
DA:185,6
BRDA:185,5,0,2
BRDA:185,5,1,1
DA:186,2
DA:187,2
DA:188,2
DA:189,4
BRDA:189,6,0,1
DA:190,1
DA:191,1
DA:192,1
DA:196,3
FN:196,HookSafetyReactive._emitMitigation
FNDA:3,HookSafetyReactive._emitMitigation
DA:205,3
DA:209,3
DA:221,3
DA:222,3
DA:225,6
FN:225,HookSafetyReactive._deriveFeatures
FNDA:6,HookSafetyReactive._deriveFeatures
DA:234,6
DA:236,6
DA:237,6
DA:238,6
DA:239,6
DA:240,6
DA:250,6
FN:250,HookSafetyReactive._slippageAnomaly
FNDA:6,HookSafetyReactive._slippageAnomaly
DA:251,6
DA:252,6
BRDA:252,7,0,1
DA:253,6
DA:256,6
FN:256,HookSafetyReactive._liquidityImbalance
FNDA:6,HookSafetyReactive._liquidityImbalance
DA:257,6
DA:263,6
FN:263,HookSafetyReactive._temporalCorrelation
FNDA:6,HookSafetyReactive._temporalCorrelation
DA:264,6
BRDA:264,8,0,-
DA:265,6
DA:266,6
BRDA:266,9,0,3
DA:267,3
BRDA:267,10,0,1
DA:268,2
BRDA:268,11,0,1
DA:269,1
DA:272,6
FN:272,HookSafetyReactive._mevHeuristic
FNDA:6,HookSafetyReactive._mevHeuristic
DA:280,6
DA:281,6
BRDA:281,12,0,3
DA:282,6
BRDA:282,13,0,6
DA:283,6
BRDA:283,14,0,4
DA:284,6
DA:285,2
BRDA:285,15,0,2
DA:286,6
FNF:13
FNH:13
LF:102
LH:102
BRF:17
BRH:15
end_of_record
TN:
SF:contracts/src/reactive/base/AbstractCallback.sol
DA:12,13
FN:12,AbstractCallback.constructor
FNDA:13,AbstractCallback.constructor
DA:13,13
DA:14,13
DA:15,13
DA:18,128509
FN:18,AbstractCallback.rvmIdOnly
FNDA:128509,AbstractCallback.rvmIdOnly
DA:19,128509
BRDA:19,0,0,2
DA:20,2
FNF:2
FNH:2
LF:7
LH:7
BRF:1
BRH:1
end_of_record
TN:
SF:contracts/src/reactive/base/AbstractPayer.sol
DA:17,5
FN:17,AbstractPayer.authorizedSenderOnly
FNDA:5,AbstractPayer.authorizedSenderOnly
DA:18,5
BRDA:18,0,0,2
DA:22,3
FN:22,AbstractPayer.pay
FNDA:3,AbstractPayer.pay
DA:23,3
DA:26,2
FN:26,AbstractPayer.coverDebt
FNDA:2,AbstractPayer.coverDebt
DA:27,2
DA:28,2
DA:31,6
FN:31,AbstractPayer._pay
FNDA:6,AbstractPayer._pay
DA:32,6
DA:33,6
BRDA:33,1,0,2
DA:34,4
BRDA:34,2,0,1
DA:35,3
DA:36,3
BRDA:36,3,0,1
DA:39,47
FN:39,AbstractPayer.addAuthorizedSender
FNDA:47,AbstractPayer.addAuthorizedSender
DA:40,47
DA:43,1
FN:43,AbstractPayer.removeAuthorizedSender
FNDA:1,AbstractPayer.removeAuthorizedSender
DA:44,1
FNF:6
FNH:6
LF:17
LH:17
BRF:4
BRH:4
end_of_record
TN:
SF:contracts/src/reactive/base/AbstractReactive.sol
DA:19,9
FN:19,AbstractReactive.constructor
FNDA:9,AbstractReactive.constructor
DA:20,9
DA:21,9
DA:22,9
DA:25,2
FN:25,AbstractReactive.rnOnly
FNDA:2,AbstractReactive.rnOnly
DA:26,1
BRDA:26,0,0,1
DA:30,12
FN:30,AbstractReactive.vmOnly
FNDA:12,AbstractReactive.vmOnly
DA:31,12
BRDA:31,1,0,1
FNF:3
FNH:3
LF:8
LH:8
BRF:2
BRH:2
end_of_record
